\BOOKMARK [0][-]{chapter*.2}{Preface}{}% 1
\BOOKMARK [0][-]{chapter.1}{Introduction\040actuariat\0402}{}% 2
\BOOKMARK [1][-]{section.1.1}{Théorème de la fonction quantile}{chapter.1}% 3
\BOOKMARK [1][-]{section.1.2}{Espérance tronqué}{chapter.1}% 4
\BOOKMARK [1][-]{section.1.3}{Fonction\040Stop-Loss}{chapter.1}% 5
\BOOKMARK [1][-]{section.1.4}{Fonction\040quantile}{chapter.1}% 6
\BOOKMARK [1][-]{section.1.5}{Fonction quantile et espérance}{chapter.1}% 7
\BOOKMARK [1][-]{section.1.6}{TVaR}{chapter.1}% 8
\BOOKMARK [1][-]{section.1.7}{Transformée de Laplace}{chapter.1}% 9
\BOOKMARK [0][-]{chapter.2}{Stats}{}% 10
\BOOKMARK [1][-]{section.2.1}{Définitions}{chapter.2}% 11
\BOOKMARK [1][-]{section.2.2}{Moyenne échantilonnale:}{chapter.2}% 12
\BOOKMARK [1][-]{section.2.3}{Variance échantillonale:}{chapter.2}% 13
\BOOKMARK [1][-]{section.2.4}{Loi\040faible\040des\040grands\040nombres:}{chapter.2}% 14
\BOOKMARK [1][-]{section.2.5}{Statistiques d'ordre d'un échantillon:}{chapter.2}% 15
\BOOKMARK [1][-]{section.2.6}{Distribution\040de\040\\bar\173X\175:}{chapter.2}% 16
\BOOKMARK [1][-]{section.2.7}{Somme de normales au carré}{chapter.2}% 17
\BOOKMARK [1][-]{section.2.8}{Statistique\040Student}{chapter.2}% 18
\BOOKMARK [1][-]{section.2.9}{Distribution\040de\040la\040Statistique\040Student}{chapter.2}% 19
\BOOKMARK [1][-]{section.2.10}{Distribution\040Student}{chapter.2}% 20
\BOOKMARK [1][-]{section.2.11}{Statistique\040F}{chapter.2}% 21
\BOOKMARK [1][-]{section.2.12}{Distribution\040F}{chapter.2}% 22
\BOOKMARK [1][-]{section.2.13}{Comparer variance échantionnale}{chapter.2}% 23
\BOOKMARK [1][-]{section.2.14}{Lemme\040de\040Slutsky}{chapter.2}% 24
\BOOKMARK [1][-]{section.2.15}{Théorème Central Limite}{chapter.2}% 25
\BOOKMARK [1][-]{section.2.16}{Distribution\040Statistique\040Student\040lorsqu'on\040ne\040connait\040pas\040la\040variance\040et\040X\040ne\040provient\040pas\040d'une\040loi\040Normale}{chapter.2}% 26
\BOOKMARK [1][-]{section.2.17}{Aproximation\040de\040la\040loi\040Binomiale\040avec\040la\040loi\040Normale}{chapter.2}% 27
\BOOKMARK [1][-]{section.2.18}{Critères pour évaluer la performance d'un estimateur}{chapter.2}% 28
\BOOKMARK [1][-]{section.2.19}{Efficacité relative}{chapter.2}% 29
\BOOKMARK [0][-]{chapter.3}{GRF-2}{}% 30
\BOOKMARK [1][-]{section.3.1}{Chapitre\0401}{chapter.3}% 31
\BOOKMARK [0][-]{chapter.4}{Preuves}{}% 32
\BOOKMARK [1][-]{section.4.1}{Théorème \(1.1\) de la fonction quantile}{chapter.4}% 33
\BOOKMARK [1][-]{section.4.2}{Fonction\040Stop-Loss\(1.3\)}{chapter.4}% 34
\BOOKMARK [1][-]{section.4.3}{Tvar}{chapter.4}% 35
\BOOKMARK [1][-]{section.4.4}{Biais moyenne échantillonale \(voir 2.18.1\)}{chapter.4}% 36
\BOOKMARK [1][-]{section.4.5}{Biais variance échantillonale \(voir 2.18.1\)}{chapter.4}% 37
\BOOKMARK [1][-]{section.4.6}{Convergence\040\(voir\0402.18.3\)}{chapter.4}% 38
